<?xml version="1.0" encoding="UTF-8"?>
<robot generator="Robot 7.2.2 (Python 3.13.3 on win32)" generated="2025-05-30T17:36:26.350675" rpa="false" schemaversion="5">
<suite id="s1" name="Tests" source="C:\Users\marius\python_robot_framework\tests">
<suite id="s1-s1" name="Test 1" source="C:\Users\marius\python_robot_framework\tests\test_1.robot">
<test id="s1-s1-t1" name="TEST1" line="16">
<kw name="Log" owner="BuiltIn">
<msg time="2025-05-30T17:36:26.379762" level="TRACE">Arguments: [ 'dolorem ipsum dolor sit amet' ]</msg>
<msg time="2025-05-30T17:36:26.379845" level="INFO">dolorem ipsum dolor sit amet</msg>
<msg time="2025-05-30T17:36:26.379880" level="TRACE">Return: None</msg>
<arg>${test_1_variable_1}</arg>
<doc>Logs the given message with the given level.</doc>
<status status="PASS" start="2025-05-30T17:36:26.379646" elapsed="0.000270"/>
</kw>
<kw name="Log" owner="BuiltIn">
<msg time="2025-05-30T17:36:26.380173" level="TRACE">Arguments: [ 'consectetur adipiscing elit' ]</msg>
<msg time="2025-05-30T17:36:26.380221" level="INFO">consectetur adipiscing elit</msg>
<msg time="2025-05-30T17:36:26.380244" level="TRACE">Return: None</msg>
<arg>${test_1_variable_2}</arg>
<doc>Logs the given message with the given level.</doc>
<status status="PASS" start="2025-05-30T17:36:26.380087" elapsed="0.000181"/>
</kw>
<kw name="Log" owner="BuiltIn">
<msg time="2025-05-30T17:36:26.380462" level="TRACE">Arguments: [ 'list_element_3' ]</msg>
<msg time="2025-05-30T17:36:26.380501" level="INFO">list_element_3</msg>
<msg time="2025-05-30T17:36:26.380522" level="TRACE">Return: None</msg>
<arg>${test_1_list_1}[2]</arg>
<doc>Logs the given message with the given level.</doc>
<status status="PASS" start="2025-05-30T17:36:26.380389" elapsed="0.000153"/>
</kw>
<kw name="Log" owner="BuiltIn">
<msg time="2025-05-30T17:36:26.380722" level="TRACE">Arguments: [ 'testuser' ]</msg>
<msg time="2025-05-30T17:36:26.380761" level="INFO">testuser</msg>
<msg time="2025-05-30T17:36:26.380781" level="TRACE">Return: None</msg>
<arg>${test_1_dictionary_1}[username]</arg>
<doc>Logs the given message with the given level.</doc>
<status status="PASS" start="2025-05-30T17:36:26.380649" elapsed="0.000153"/>
</kw>
<kw name="Log" owner="BuiltIn">
<msg time="2025-05-30T17:36:26.381038" level="TRACE">Arguments: [ 'testpass' ]</msg>
<msg time="2025-05-30T17:36:26.381075" level="INFO">testpass</msg>
<msg time="2025-05-30T17:36:26.381096" level="TRACE">Return: None</msg>
<arg>${test_1_dictionary_1}[password]</arg>
<doc>Logs the given message with the given level.</doc>
<status status="PASS" start="2025-05-30T17:36:26.380958" elapsed="0.000159"/>
</kw>
<tag>sanity</tag>
<status status="PASS" start="2025-05-30T17:36:26.379015" elapsed="0.002276"/>
</test>
<doc>This is my first test case in robot framework.</doc>
<status status="PASS" start="2025-05-30T17:36:26.373147" elapsed="0.008674"/>
</suite>
<suite id="s1-s2" name="Test 2" source="C:\Users\marius\python_robot_framework\tests\test_2.robot">
<test id="s1-s2-t1" name="TEST2" line="5">
<kw name="Log" owner="BuiltIn">
<msg time="2025-05-30T17:36:26.384176" level="TRACE">Arguments: [ 'Hello Again!' ]</msg>
<msg time="2025-05-30T17:36:26.384231" level="INFO">Hello Again!</msg>
<msg time="2025-05-30T17:36:26.384260" level="TRACE">Return: None</msg>
<arg>Hello Again!</arg>
<doc>Logs the given message with the given level.</doc>
<status status="PASS" start="2025-05-30T17:36:26.384123" elapsed="0.000165"/>
</kw>
<tag>regression</tag>
<status status="PASS" start="2025-05-30T17:36:26.383857" elapsed="0.000583"/>
</test>
<status status="PASS" start="2025-05-30T17:36:26.382310" elapsed="0.002482"/>
</suite>
<suite id="s1-s3" name="Test 3" source="C:\Users\marius\python_robot_framework\tests\test_3.robot">
<test id="s1-s3-t1" name="TEST3" line="5">
<kw name="Log" owner="BuiltIn">
<msg time="2025-05-30T17:36:26.386600" level="TRACE">Arguments: [ 'Hello Once Again!' ]</msg>
<msg time="2025-05-30T17:36:26.386641" level="INFO">Hello Once Again!</msg>
<msg time="2025-05-30T17:36:26.386663" level="TRACE">Return: None</msg>
<arg>Hello Once Again!</arg>
<doc>Logs the given message with the given level.</doc>
<status status="PASS" start="2025-05-30T17:36:26.386554" elapsed="0.000131"/>
</kw>
<tag>regression</tag>
<status status="PASS" start="2025-05-30T17:36:26.386336" elapsed="0.000461"/>
</test>
<status status="PASS" start="2025-05-30T17:36:26.385183" elapsed="0.001994"/>
</suite>
<suite id="s1-s4" name="Test Suite" source="C:\Users\marius\python_robot_framework\tests\test_suite.robot">
<test id="s1-s4-t1" name="TEST1" line="5">
<kw name="Log" owner="BuiltIn">
<msg time="2025-05-30T17:36:26.388881" level="TRACE">Arguments: [ 'Hello World!' ]</msg>
<msg time="2025-05-30T17:36:26.388922" level="INFO">Hello World!</msg>
<msg time="2025-05-30T17:36:26.388943" level="TRACE">Return: None</msg>
<arg>Hello World!</arg>
<doc>Logs the given message with the given level.</doc>
<status status="PASS" start="2025-05-30T17:36:26.388837" elapsed="0.000127"/>
</kw>
<status status="PASS" start="2025-05-30T17:36:26.388636" elapsed="0.000435"/>
</test>
<test id="s1-s4-t2" name="TEST2" line="8">
<kw name="Log" owner="BuiltIn">
<msg time="2025-05-30T17:36:26.389835" level="TRACE">Arguments: [ 'Hello Again!' ]</msg>
<msg time="2025-05-30T17:36:26.389877" level="INFO">Hello Again!</msg>
<msg time="2025-05-30T17:36:26.389898" level="TRACE">Return: None</msg>
<arg>Hello Again!</arg>
<doc>Logs the given message with the given level.</doc>
<status status="PASS" start="2025-05-30T17:36:26.389788" elapsed="0.000133"/>
</kw>
<status status="PASS" start="2025-05-30T17:36:26.389565" elapsed="0.000469"/>
</test>
<test id="s1-s4-t3" name="TEST3" line="11">
<kw name="Log" owner="BuiltIn">
<msg time="2025-05-30T17:36:26.390586" level="TRACE">Arguments: [ 'Hello Once Again!' ]</msg>
<msg time="2025-05-30T17:36:26.390627" level="INFO">Hello Once Again!</msg>
<msg time="2025-05-30T17:36:26.390649" level="TRACE">Return: None</msg>
<arg>Hello Once Again!</arg>
<doc>Logs the given message with the given level.</doc>
<status status="PASS" start="2025-05-30T17:36:26.390538" elapsed="0.000132"/>
</kw>
<status status="PASS" start="2025-05-30T17:36:26.390351" elapsed="0.000431"/>
</test>
<status status="PASS" start="2025-05-30T17:36:26.387538" elapsed="0.003568"/>
</suite>
<status status="PASS" start="2025-05-30T17:36:26.351778" elapsed="0.039846"/>
</suite>
<statistics>
<total>
<stat pass="6" fail="0" skip="0">All Tests</stat>
</total>
<tag>
<stat pass="2" fail="0" skip="0">regression</stat>
<stat pass="1" fail="0" skip="0">sanity</stat>
</tag>
<suite>
<stat name="Tests" id="s1" pass="6" fail="0" skip="0">Tests</stat>
<stat name="Test 1" id="s1-s1" pass="1" fail="0" skip="0">Tests.Test 1</stat>
<stat name="Test 2" id="s1-s2" pass="1" fail="0" skip="0">Tests.Test 2</stat>
<stat name="Test 3" id="s1-s3" pass="1" fail="0" skip="0">Tests.Test 3</stat>
<stat name="Test Suite" id="s1-s4" pass="3" fail="0" skip="0">Tests.Test Suite</stat>
</suite>
</statistics>
<errors>
</errors>
</robot>
